2014-08-11 13:05:40.879 HelloWorld[4803:70b] Multi-tasking -> Device: YES, App: YES
2014-08-11 13:05:40.903 HelloWorld[4803:70b] Unlimited access to network resources
2014-08-11 13:05:40.905 HelloWorld[4803:70b] 

Started backup to iCloud! Please be careful.
Your application might rejected by Apple if you store too much data.
For more information please read "iOS Data Storage Guidelines"
You could find it at the following address https://developer.apple.com/icloud/documentation/data-storage/ .

2014-08-11 13:05:41.198 HelloWorld[4803:70b] Resetting plugins due to page load.
2014-08-11 13:05:41.287 HelloWorld[4803:70b] Finished load of: file:///Users/Josh/Library/Application%20Support/iPhone%20Simulator/7.1/Applications/6F9D6F2C-89AE-421E-8169-8A929A2602AD/HelloWorld.app/www/index.html
Terminating in response to SpringBoard's termination.
2014-08-11 13:07:21.283 HelloWorld[5106:70b] Multi-tasking -> Device: YES, App: YES
2014-08-11 13:07:21.295 HelloWorld[5106:70b] Unlimited access to network resources
2014-08-11 13:07:21.298 HelloWorld[5106:70b] 

Started backup to iCloud! Please be careful.
Your application might rejected by Apple if you store too much data.
For more information please read "iOS Data Storage Guidelines"
You could find it at the following address https://developer.apple.com/icloud/documentation/data-storage/ .

2014-08-11 13:07:21.444 HelloWorld[5106:70b] Resetting plugins due to page load.
2014-08-11 13:07:21.503 HelloWorld[5106:70b] Finished load of: file:///Users/Josh/Library/Application%20Support/iPhone%20Simulator/7.1/Applications/6F9D6F2C-89AE-421E-8169-8A929A2602AD/HelloWorld.app/www/index.html
2014-08-11 22:18:50.393 HelloWorld[6186:70b] Multi-tasking -> Device: YES, App: YES
2014-08-11 22:18:50.420 HelloWorld[6186:70b] Unlimited access to network resources
2014-08-11 22:18:50.429 HelloWorld[6186:70b] 

Started backup to iCloud! Please be careful.
Your application might rejected by Apple if you store too much data.
For more information please read "iOS Data Storage Guidelines"
You could find it at the following address https://developer.apple.com/icloud/documentation/data-storage/ .

2014-08-11 22:18:50.734 HelloWorld[6186:70b] Resetting plugins due to page load.
2014-08-11 22:18:51.102 HelloWorld[6186:70b] Finished load of: file:///Users/Josh/Library/Application%20Support/iPhone%20Simulator/7.1/Applications/6F9D6F2C-89AE-421E-8169-8A929A2602AD/HelloWorld.app/www/index.html
2014-08-12 15:13:51.750 HelloWorld[1252:70b] Multi-tasking -> Device: YES, App: YES
2014-08-12 15:13:51.776 HelloWorld[1252:70b] Unlimited access to network resources
2014-08-12 15:13:51.781 HelloWorld[1252:70b] 

Started backup to iCloud! Please be careful.
Your application might rejected by Apple if you store too much data.
For more information please read "iOS Data Storage Guidelines"
You could find it at the following address https://developer.apple.com/icloud/documentation/data-storage/ .

2014-08-12 15:13:52.161 HelloWorld[1252:70b] Resetting plugins due to page load.
2014-08-12 15:13:52.621 HelloWorld[1252:70b] Finished load of: file:///Users/Josh/Library/Application%20Support/iPhone%20Simulator/7.1/Applications/6F9D6F2C-89AE-421E-8169-8A929A2602AD/HelloWorld.app/www/index.html
Terminating in response to SpringBoard's termination.
2014-08-12 15:19:22.027 HelloWorld[1643:70b] Multi-tasking -> Device: YES, App: YES
2014-08-12 15:19:22.036 HelloWorld[1643:70b] Unlimited access to network resources
2014-08-12 15:19:22.039 HelloWorld[1643:70b] 

Started backup to iCloud! Please be careful.
Your application might rejected by Apple if you store too much data.
For more information please read "iOS Data Storage Guidelines"
You could find it at the following address https://developer.apple.com/icloud/documentation/data-storage/ .

2014-08-12 15:19:22.109 HelloWorld[1643:70b] Resetting plugins due to page load.
2014-08-12 15:19:22.344 HelloWorld[1643:70b] Finished load of: file:///Users/Josh/Library/Application%20Support/iPhone%20Simulator/7.1/Applications/6F9D6F2C-89AE-421E-8169-8A929A2602AD/HelloWorld.app/www/index.html
2014-08-12 15:48:26.125 HelloWorld[2106:70b] Multi-tasking -> Device: YES, App: YES
2014-08-12 15:48:26.131 HelloWorld[2106:70b] Unlimited access to network resources
2014-08-12 15:48:26.134 HelloWorld[2106:70b] 

Started backup to iCloud! Please be careful.
Your application might rejected by Apple if you store too much data.
For more information please read "iOS Data Storage Guidelines"
You could find it at the following address https://developer.apple.com/icloud/documentation/data-storage/ .

2014-08-12 15:48:26.222 HelloWorld[2106:70b] Resetting plugins due to page load.
2014-08-12 15:48:26.343 HelloWorld[2106:70b] Finished load of: file:///Users/Josh/Library/Application%20Support/iPhone%20Simulator/7.1/Applications/6F9D6F2C-89AE-421E-8169-8A929A2602AD/HelloWorld.app/www/index.html
2014-08-12 15:50:48.651 HelloWorld[2466:70b] Multi-tasking -> Device: YES, App: YES
2014-08-12 15:50:48.660 HelloWorld[2466:70b] Unlimited access to network resources
2014-08-12 15:50:48.664 HelloWorld[2466:70b] 

Started backup to iCloud! Please be careful.
Your application might rejected by Apple if you store too much data.
For more information please read "iOS Data Storage Guidelines"
You could find it at the following address https://developer.apple.com/icloud/documentation/data-storage/ .

2014-08-12 15:50:48.799 HelloWorld[2466:70b] Resetting plugins due to page load.
2014-08-12 15:50:49.064 HelloWorld[2466:70b] Finished load of: file:///Users/Josh/Library/Application%20Support/iPhone%20Simulator/7.1/Applications/6F9D6F2C-89AE-421E-8169-8A929A2602AD/HelloWorld.app/www/index.html
Terminating in response to SpringBoard's termination.
2014-08-12 16:41:16.906 HelloWorld[2859:70b] Multi-tasking -> Device: YES, App: YES
2014-08-12 16:41:16.915 HelloWorld[2859:70b] Unlimited access to network resources
2014-08-12 16:41:16.918 HelloWorld[2859:70b] 

Started backup to iCloud! Please be careful.
Your application might rejected by Apple if you store too much data.
For more information please read "iOS Data Storage Guidelines"
You could find it at the following address https://developer.apple.com/icloud/documentation/data-storage/ .

2014-08-12 16:41:16.989 HelloWorld[2859:70b] Resetting plugins due to page load.
2014-08-12 16:41:17.199 HelloWorld[2859:70b] Finished load of: file:///Users/Josh/Library/Application%20Support/iPhone%20Simulator/7.1/Applications/6F9D6F2C-89AE-421E-8169-8A929A2602AD/HelloWorld.app/www/index.html
2014-08-12 16:42:47.892 HelloWorld[3224:70b] Multi-tasking -> Device: YES, App: YES
2014-08-12 16:42:47.901 HelloWorld[3224:70b] Unlimited access to network resources
2014-08-12 16:42:47.904 HelloWorld[3224:70b] 

Started backup to iCloud! Please be careful.
Your application might rejected by Apple if you store too much data.
For more information please read "iOS Data Storage Guidelines"
You could find it at the following address https://developer.apple.com/icloud/documentation/data-storage/ .

2014-08-12 16:42:48.044 HelloWorld[3224:70b] Resetting plugins due to page load.
2014-08-12 16:42:48.301 HelloWorld[3224:70b] Finished load of: file:///Users/Josh/Library/Application%20Support/iPhone%20Simulator/7.1/Applications/6F9D6F2C-89AE-421E-8169-8A929A2602AD/HelloWorld.app/www/index.html
2014-08-12 16:54:57.166 HelloWorld[3628:70b] Multi-tasking -> Device: YES, App: YES
2014-08-12 16:54:57.175 HelloWorld[3628:70b] Unlimited access to network resources
2014-08-12 16:54:57.179 HelloWorld[3628:70b] 

Started backup to iCloud! Please be careful.
Your application might rejected by Apple if you store too much data.
For more information please read "iOS Data Storage Guidelines"
You could find it at the following address https://developer.apple.com/icloud/documentation/data-storage/ .

2014-08-12 16:54:57.308 HelloWorld[3628:70b] Resetting plugins due to page load.
2014-08-12 16:54:57.578 HelloWorld[3628:70b] Finished load of: file:///Users/Josh/Library/Application%20Support/iPhone%20Simulator/7.1/Applications/6F9D6F2C-89AE-421E-8169-8A929A2602AD/HelloWorld.app/www/index.html
Terminating in response to SpringBoard's termination.
2014-08-12 17:08:09.055 HelloWorld[4061:70b] Multi-tasking -> Device: YES, App: YES
2014-08-12 17:08:09.064 HelloWorld[4061:70b] Unlimited access to network resources
2014-08-12 17:08:09.067 HelloWorld[4061:70b] 

Started backup to iCloud! Please be careful.
Your application might rejected by Apple if you store too much data.
For more information please read "iOS Data Storage Guidelines"
You could find it at the following address https://developer.apple.com/icloud/documentation/data-storage/ .

2014-08-12 17:08:09.197 HelloWorld[4061:70b] Resetting plugins due to page load.
2014-08-12 17:08:09.450 HelloWorld[4061:70b] Finished load of: file:///Users/Josh/Library/Application%20Support/iPhone%20Simulator/7.1/Applications/6F9D6F2C-89AE-421E-8169-8A929A2602AD/HelloWorld.app/www/index.html
2014-08-12 17:40:34.204 HelloWorld[4061:70b] CDVWebViewDelegate: Navigation started when state=1
2014-08-12 17:40:34.204 HelloWorld[4061:70b] Failed to load webpage with error: CDVWebViewDelegate: Navigation started when state=1
2014-08-12 17:42:13.515 HelloWorld[4438:70b] Multi-tasking -> Device: YES, App: YES
2014-08-12 17:42:13.522 HelloWorld[4438:70b] Unlimited access to network resources
2014-08-12 17:42:13.525 HelloWorld[4438:70b] 

Started backup to iCloud! Please be careful.
Your application might rejected by Apple if you store too much data.
For more information please read "iOS Data Storage Guidelines"
You could find it at the following address https://developer.apple.com/icloud/documentation/data-storage/ .

2014-08-12 17:42:13.578 HelloWorld[4438:70b] Resetting plugins due to page load.
2014-08-12 17:42:13.695 HelloWorld[4438:70b] Finished load of: file:///Users/Josh/Library/Application%20Support/iPhone%20Simulator/7.1/Applications/6F9D6F2C-89AE-421E-8169-8A929A2602AD/HelloWorld.app/www/index.html
2014-08-12 17:42:45.670 HelloWorld[4796:70b] Multi-tasking -> Device: YES, App: YES
2014-08-12 17:42:45.679 HelloWorld[4796:70b] Unlimited access to network resources
2014-08-12 17:42:45.682 HelloWorld[4796:70b] 

Started backup to iCloud! Please be careful.
Your application might rejected by Apple if you store too much data.
For more information please read "iOS Data Storage Guidelines"
You could find it at the following address https://developer.apple.com/icloud/documentation/data-storage/ .

2014-08-12 17:42:45.811 HelloWorld[4796:70b] Resetting plugins due to page load.
2014-08-12 17:42:46.011 HelloWorld[4796:70b] Finished load of: file:///Users/Josh/Library/Application%20Support/iPhone%20Simulator/7.1/Applications/6F9D6F2C-89AE-421E-8169-8A929A2602AD/HelloWorld.app/www/index.html
2014-08-12 17:44:29.965 HelloWorld[5166:70b] Multi-tasking -> Device: YES, App: YES
2014-08-12 17:44:29.975 HelloWorld[5166:70b] Unlimited access to network resources
2014-08-12 17:44:29.979 HelloWorld[5166:70b] 

Started backup to iCloud! Please be careful.
Your application might rejected by Apple if you store too much data.
For more information please read "iOS Data Storage Guidelines"
You could find it at the following address https://developer.apple.com/icloud/documentation/data-storage/ .

2014-08-12 17:44:30.102 HelloWorld[5166:70b] Resetting plugins due to page load.
2014-08-12 17:44:30.328 HelloWorld[5166:70b] Finished load of: file:///Users/Josh/Library/Application%20Support/iPhone%20Simulator/7.1/Applications/6F9D6F2C-89AE-421E-8169-8A929A2602AD/HelloWorld.app/www/index.html
Terminating in response to SpringBoard's termination.
2014-08-12 18:07:40.657 HelloWorld[5598:70b] Multi-tasking -> Device: YES, App: YES
2014-08-12 18:07:40.666 HelloWorld[5598:70b] Unlimited access to network resources
2014-08-12 18:07:40.671 HelloWorld[5598:70b] 

Started backup to iCloud! Please be careful.
Your application might rejected by Apple if you store too much data.
For more information please read "iOS Data Storage Guidelines"
You could find it at the following address https://developer.apple.com/icloud/documentation/data-storage/ .

2014-08-12 18:07:40.735 HelloWorld[5598:70b] Resetting plugins due to page load.
2014-08-12 18:07:40.941 HelloWorld[5598:70b] Finished load of: file:///Users/Josh/Library/Application%20Support/iPhone%20Simulator/7.1/Applications/6F9D6F2C-89AE-421E-8169-8A929A2602AD/HelloWorld.app/www/index.html
2014-08-12 18:09:20.382 HelloWorld[5981:70b] Multi-tasking -> Device: YES, App: YES
2014-08-12 18:09:20.391 HelloWorld[5981:70b] Unlimited access to network resources
2014-08-12 18:09:20.394 HelloWorld[5981:70b] 

Started backup to iCloud! Please be careful.
Your application might rejected by Apple if you store too much data.
For more information please read "iOS Data Storage Guidelines"
You could find it at the following address https://developer.apple.com/icloud/documentation/data-storage/ .

2014-08-12 18:09:20.540 HelloWorld[5981:70b] Resetting plugins due to page load.
2014-08-12 18:09:20.757 HelloWorld[5981:70b] Finished load of: file:///Users/Josh/Library/Application%20Support/iPhone%20Simulator/7.1/Applications/6F9D6F2C-89AE-421E-8169-8A929A2602AD/HelloWorld.app/www/index.html
Terminating in response to SpringBoard's termination.
2014-08-12 18:11:18.678 HelloWorld[6346:70b] Multi-tasking -> Device: YES, App: YES
2014-08-12 18:11:18.688 HelloWorld[6346:70b] Unlimited access to network resources
2014-08-12 18:11:18.693 HelloWorld[6346:70b] 

Started backup to iCloud! Please be careful.
Your application might rejected by Apple if you store too much data.
For more information please read "iOS Data Storage Guidelines"
You could find it at the following address https://developer.apple.com/icloud/documentation/data-storage/ .

2014-08-12 18:11:18.832 HelloWorld[6346:70b] Resetting plugins due to page load.
2014-08-12 18:11:19.084 HelloWorld[6346:70b] Finished load of: file:///Users/Josh/Library/Application%20Support/iPhone%20Simulator/7.1/Applications/6F9D6F2C-89AE-421E-8169-8A929A2602AD/HelloWorld.app/www/index.html
2014-08-12 18:14:07.515 HelloWorld[6695:70b] Multi-tasking -> Device: YES, App: YES
2014-08-12 18:14:07.522 HelloWorld[6695:70b] Unlimited access to network resources
2014-08-12 18:14:07.524 HelloWorld[6695:70b] 

Started backup to iCloud! Please be careful.
Your application might rejected by Apple if you store too much data.
For more information please read "iOS Data Storage Guidelines"
You could find it at the following address https://developer.apple.com/icloud/documentation/data-storage/ .

2014-08-12 18:14:07.571 HelloWorld[6695:70b] Resetting plugins due to page load.
2014-08-12 18:14:07.689 HelloWorld[6695:70b] Finished load of: file:///Users/Josh/Library/Application%20Support/iPhone%20Simulator/7.1/Applications/6F9D6F2C-89AE-421E-8169-8A929A2602AD/HelloWorld.app/www/index.html
Terminating in response to SpringBoard's termination.
2014-08-12 18:15:25.669 HelloWorld[7053:70b] Multi-tasking -> Device: YES, App: YES
2014-08-12 18:15:25.678 HelloWorld[7053:70b] Unlimited access to network resources
2014-08-12 18:15:25.681 HelloWorld[7053:70b] 

Started backup to iCloud! Please be careful.
Your application might rejected by Apple if you store too much data.
For more information please read "iOS Data Storage Guidelines"
You could find it at the following address https://developer.apple.com/icloud/documentation/data-storage/ .

2014-08-12 18:15:25.758 HelloWorld[7053:70b] Resetting plugins due to page load.
2014-08-12 18:15:25.949 HelloWorld[7053:70b] Finished load of: file:///Users/Josh/Library/Application%20Support/iPhone%20Simulator/7.1/Applications/6F9D6F2C-89AE-421E-8169-8A929A2602AD/HelloWorld.app/www/index.html
Terminating in response to SpringBoard's termination.
2014-08-12 18:20:35.286 HelloWorld[7431:70b] Multi-tasking -> Device: YES, App: YES
2014-08-12 18:20:35.295 HelloWorld[7431:70b] Unlimited access to network resources
2014-08-12 18:20:35.300 HelloWorld[7431:70b] 

Started backup to iCloud! Please be careful.
Your application might rejected by Apple if you store too much data.
For more information please read "iOS Data Storage Guidelines"
You could find it at the following address https://developer.apple.com/icloud/documentation/data-storage/ .

2014-08-12 18:20:35.422 HelloWorld[7431:70b] Resetting plugins due to page load.
2014-08-12 18:20:35.685 HelloWorld[7431:70b] Finished load of: file:///Users/Josh/Library/Application%20Support/iPhone%20Simulator/7.1/Applications/6F9D6F2C-89AE-421E-8169-8A929A2602AD/HelloWorld.app/www/index.html
2014-08-12 18:21:59.337 HelloWorld[7795:70b] Multi-tasking -> Device: YES, App: YES
2014-08-12 18:21:59.346 HelloWorld[7795:70b] Unlimited access to network resources
2014-08-12 18:21:59.349 HelloWorld[7795:70b] 

Started backup to iCloud! Please be careful.
Your application might rejected by Apple if you store too much data.
For more information please read "iOS Data Storage Guidelines"
You could find it at the following address https://developer.apple.com/icloud/documentation/data-storage/ .

2014-08-12 18:21:59.483 HelloWorld[7795:70b] Resetting plugins due to page load.
2014-08-12 18:21:59.720 HelloWorld[7795:70b] Finished load of: file:///Users/Josh/Library/Application%20Support/iPhone%20Simulator/7.1/Applications/6F9D6F2C-89AE-421E-8169-8A929A2602AD/HelloWorld.app/www/index.html
2014-08-12 18:23:21.636 HelloWorld[8157:70b] Multi-tasking -> Device: YES, App: YES
2014-08-12 18:23:21.645 HelloWorld[8157:70b] Unlimited access to network resources
2014-08-12 18:23:21.648 HelloWorld[8157:70b] 

Started backup to iCloud! Please be careful.
Your application might rejected by Apple if you store too much data.
For more information please read "iOS Data Storage Guidelines"
You could find it at the following address https://developer.apple.com/icloud/documentation/data-storage/ .

2014-08-12 18:23:21.721 HelloWorld[8157:70b] Resetting plugins due to page load.
2014-08-12 18:23:21.963 HelloWorld[8157:70b] Finished load of: file:///Users/Josh/Library/Application%20Support/iPhone%20Simulator/7.1/Applications/6F9D6F2C-89AE-421E-8169-8A929A2602AD/HelloWorld.app/www/index.html
2014-08-12 18:24:16.127 HelloWorld[8514:70b] Multi-tasking -> Device: YES, App: YES
2014-08-12 18:24:16.137 HelloWorld[8514:70b] Unlimited access to network resources
2014-08-12 18:24:16.140 HelloWorld[8514:70b] 

Started backup to iCloud! Please be careful.
Your application might rejected by Apple if you store too much data.
For more information please read "iOS Data Storage Guidelines"
You could find it at the following address https://developer.apple.com/icloud/documentation/data-storage/ .

2014-08-12 18:24:16.274 HelloWorld[8514:70b] Resetting plugins due to page load.
2014-08-12 18:24:16.486 HelloWorld[8514:70b] Finished load of: file:///Users/Josh/Library/Application%20Support/iPhone%20Simulator/7.1/Applications/6F9D6F2C-89AE-421E-8169-8A929A2602AD/HelloWorld.app/www/index.html
2014-08-12 19:07:02.845 HelloWorld[8957:70b] Multi-tasking -> Device: YES, App: YES
2014-08-12 19:07:02.854 HelloWorld[8957:70b] Unlimited access to network resources
2014-08-12 19:07:02.857 HelloWorld[8957:70b] 

Started backup to iCloud! Please be careful.
Your application might rejected by Apple if you store too much data.
For more information please read "iOS Data Storage Guidelines"
You could find it at the following address https://developer.apple.com/icloud/documentation/data-storage/ .

2014-08-12 19:07:02.995 HelloWorld[8957:70b] Resetting plugins due to page load.
2014-08-12 19:07:03.190 HelloWorld[8957:70b] Finished load of: file:///Users/Josh/Library/Application%20Support/iPhone%20Simulator/7.1/Applications/6F9D6F2C-89AE-421E-8169-8A929A2602AD/HelloWorld.app/www/index.html
2014-08-12 19:08:13.645 HelloWorld[9321:70b] Multi-tasking -> Device: YES, App: YES
2014-08-12 19:08:13.654 HelloWorld[9321:70b] Unlimited access to network resources
2014-08-12 19:08:13.657 HelloWorld[9321:70b] 

Started backup to iCloud! Please be careful.
Your application might rejected by Apple if you store too much data.
For more information please read "iOS Data Storage Guidelines"
You could find it at the following address https://developer.apple.com/icloud/documentation/data-storage/ .

2014-08-12 19:08:13.792 HelloWorld[9321:70b] Resetting plugins due to page load.
2014-08-12 19:08:14.028 HelloWorld[9321:70b] Finished load of: file:///Users/Josh/Library/Application%20Support/iPhone%20Simulator/7.1/Applications/6F9D6F2C-89AE-421E-8169-8A929A2602AD/HelloWorld.app/www/index.html
2014-08-12 19:08:57.438 HelloWorld[9682:70b] Multi-tasking -> Device: YES, App: YES
2014-08-12 19:08:57.447 HelloWorld[9682:70b] Unlimited access to network resources
2014-08-12 19:08:57.451 HelloWorld[9682:70b] 

Started backup to iCloud! Please be careful.
Your application might rejected by Apple if you store too much data.
For more information please read "iOS Data Storage Guidelines"
You could find it at the following address https://developer.apple.com/icloud/documentation/data-storage/ .

2014-08-12 19:08:57.589 HelloWorld[9682:70b] Resetting plugins due to page load.
2014-08-12 19:08:57.831 HelloWorld[9682:70b] Finished load of: file:///Users/Josh/Library/Application%20Support/iPhone%20Simulator/7.1/Applications/6F9D6F2C-89AE-421E-8169-8A929A2602AD/HelloWorld.app/www/index.html
2014-08-12 19:09:41.516 HelloWorld[10042:70b] Multi-tasking -> Device: YES, App: YES
2014-08-12 19:09:41.525 HelloWorld[10042:70b] Unlimited access to network resources
2014-08-12 19:09:41.528 HelloWorld[10042:70b] 

Started backup to iCloud! Please be careful.
Your application might rejected by Apple if you store too much data.
For more information please read "iOS Data Storage Guidelines"
You could find it at the following address https://developer.apple.com/icloud/documentation/data-storage/ .

2014-08-12 19:09:41.603 HelloWorld[10042:70b] Resetting plugins due to page load.
2014-08-12 19:09:41.850 HelloWorld[10042:70b] Finished load of: file:///Users/Josh/Library/Application%20Support/iPhone%20Simulator/7.1/Applications/6F9D6F2C-89AE-421E-8169-8A929A2602AD/HelloWorld.app/www/index.html
2014-08-12 19:11:21.117 HelloWorld[10406:70b] Multi-tasking -> Device: YES, App: YES
2014-08-12 19:11:21.127 HelloWorld[10406:70b] Unlimited access to network resources
2014-08-12 19:11:21.129 HelloWorld[10406:70b] 

Started backup to iCloud! Please be careful.
Your application might rejected by Apple if you store too much data.
For more information please read "iOS Data Storage Guidelines"
You could find it at the following address https://developer.apple.com/icloud/documentation/data-storage/ .

2014-08-12 19:11:21.262 HelloWorld[10406:70b] Resetting plugins due to page load.
2014-08-12 19:11:21.626 HelloWorld[10406:70b] Finished load of: file:///Users/Josh/Library/Application%20Support/iPhone%20Simulator/7.1/Applications/6F9D6F2C-89AE-421E-8169-8A929A2602AD/HelloWorld.app/www/index.html
Terminating in response to SpringBoard's termination.
2014-08-12 19:12:02.786 HelloWorld[10763:70b] Multi-tasking -> Device: YES, App: YES
2014-08-12 19:12:02.795 HelloWorld[10763:70b] Unlimited access to network resources
2014-08-12 19:12:02.798 HelloWorld[10763:70b] 

Started backup to iCloud! Please be careful.
Your application might rejected by Apple if you store too much data.
For more information please read "iOS Data Storage Guidelines"
You could find it at the following address https://developer.apple.com/icloud/documentation/data-storage/ .

2014-08-12 19:12:02.950 HelloWorld[10763:70b] Resetting plugins due to page load.
2014-08-12 19:12:03.181 HelloWorld[10763:70b] Finished load of: file:///Users/Josh/Library/Application%20Support/iPhone%20Simulator/7.1/Applications/6F9D6F2C-89AE-421E-8169-8A929A2602AD/HelloWorld.app/www/index.html
2014-08-12 19:14:15.690 HelloWorld[11127:70b] Multi-tasking -> Device: YES, App: YES
2014-08-12 19:14:15.699 HelloWorld[11127:70b] Unlimited access to network resources
2014-08-12 19:14:15.703 HelloWorld[11127:70b] 

Started backup to iCloud! Please be careful.
Your application might rejected by Apple if you store too much data.
For more information please read "iOS Data Storage Guidelines"
You could find it at the following address https://developer.apple.com/icloud/documentation/data-storage/ .

2014-08-12 19:14:15.834 HelloWorld[11127:70b] Resetting plugins due to page load.
2014-08-12 19:14:16.082 HelloWorld[11127:70b] Finished load of: file:///Users/Josh/Library/Application%20Support/iPhone%20Simulator/7.1/Applications/6F9D6F2C-89AE-421E-8169-8A929A2602AD/HelloWorld.app/www/index.html
Terminating in response to SpringBoard's termination.
2014-08-12 19:18:49.355 HelloWorld[11494:70b] Multi-tasking -> Device: YES, App: YES
2014-08-12 19:18:49.366 HelloWorld[11494:70b] Unlimited access to network resources
2014-08-12 19:18:49.369 HelloWorld[11494:70b] 

Started backup to iCloud! Please be careful.
Your application might rejected by Apple if you store too much data.
For more information please read "iOS Data Storage Guidelines"
You could find it at the following address https://developer.apple.com/icloud/documentation/data-storage/ .

2014-08-12 19:18:49.513 HelloWorld[11494:70b] Resetting plugins due to page load.
2014-08-12 19:18:49.771 HelloWorld[11494:70b] Finished load of: file:///Users/Josh/Library/Application%20Support/iPhone%20Simulator/7.1/Applications/6F9D6F2C-89AE-421E-8169-8A929A2602AD/HelloWorld.app/www/index.html
Terminating in response to SpringBoard's termination.
2014-08-12 19:23:45.751 HelloWorld[11859:70b] Multi-tasking -> Device: YES, App: YES
2014-08-12 19:23:45.761 HelloWorld[11859:70b] Unlimited access to network resources
2014-08-12 19:23:45.764 HelloWorld[11859:70b] 

Started backup to iCloud! Please be careful.
Your application might rejected by Apple if you store too much data.
For more information please read "iOS Data Storage Guidelines"
You could find it at the following address https://developer.apple.com/icloud/documentation/data-storage/ .

2014-08-12 19:23:45.894 HelloWorld[11859:70b] Resetting plugins due to page load.
2014-08-12 19:23:46.088 HelloWorld[11859:70b] Finished load of: file:///Users/Josh/Library/Application%20Support/iPhone%20Simulator/7.1/Applications/6F9D6F2C-89AE-421E-8169-8A929A2602AD/HelloWorld.app/www/index.html
2014-08-12 19:29:03.396 HelloWorld[12227:70b] Multi-tasking -> Device: YES, App: YES
2014-08-12 19:29:03.405 HelloWorld[12227:70b] Unlimited access to network resources
2014-08-12 19:29:03.409 HelloWorld[12227:70b] 

Started backup to iCloud! Please be careful.
Your application might rejected by Apple if you store too much data.
For more information please read "iOS Data Storage Guidelines"
You could find it at the following address https://developer.apple.com/icloud/documentation/data-storage/ .

2014-08-12 19:29:03.539 HelloWorld[12227:70b] Resetting plugins due to page load.
2014-08-12 19:29:03.820 HelloWorld[12227:70b] Finished load of: file:///Users/Josh/Library/Application%20Support/iPhone%20Simulator/7.1/Applications/6F9D6F2C-89AE-421E-8169-8A929A2602AD/HelloWorld.app/www/index.html
Terminating in response to SpringBoard's termination.
2014-08-12 19:32:26.260 HelloWorld[12590:70b] Multi-tasking -> Device: YES, App: YES
2014-08-12 19:32:26.270 HelloWorld[12590:70b] Unlimited access to network resources
2014-08-12 19:32:26.273 HelloWorld[12590:70b] 

Started backup to iCloud! Please be careful.
Your application might rejected by Apple if you store too much data.
For more information please read "iOS Data Storage Guidelines"
You could find it at the following address https://developer.apple.com/icloud/documentation/data-storage/ .

2014-08-12 19:32:26.347 HelloWorld[12590:70b] Resetting plugins due to page load.
2014-08-12 19:32:26.562 HelloWorld[12590:70b] Finished load of: file:///Users/Josh/Library/Application%20Support/iPhone%20Simulator/7.1/Applications/6F9D6F2C-89AE-421E-8169-8A929A2602AD/HelloWorld.app/www/index.html
Terminating in response to SpringBoard's termination.
2014-08-12 19:34:39.595 HelloWorld[12957:70b] Multi-tasking -> Device: YES, App: YES
2014-08-12 19:34:39.605 HelloWorld[12957:70b] Unlimited access to network resources
2014-08-12 19:34:39.608 HelloWorld[12957:70b] 

Started backup to iCloud! Please be careful.
Your application might rejected by Apple if you store too much data.
For more information please read "iOS Data Storage Guidelines"
You could find it at the following address https://developer.apple.com/icloud/documentation/data-storage/ .

2014-08-12 19:34:39.749 HelloWorld[12957:70b] Resetting plugins due to page load.
2014-08-12 19:34:40.008 HelloWorld[12957:70b] Finished load of: file:///Users/Josh/Library/Application%20Support/iPhone%20Simulator/7.1/Applications/6F9D6F2C-89AE-421E-8169-8A929A2602AD/HelloWorld.app/www/index.html
2014-08-12 19:39:48.677 HelloWorld[13325:70b] Multi-tasking -> Device: YES, App: YES
2014-08-12 19:39:48.686 HelloWorld[13325:70b] Unlimited access to network resources
2014-08-12 19:39:48.689 HelloWorld[13325:70b] 

Started backup to iCloud! Please be careful.
Your application might rejected by Apple if you store too much data.
For more information please read "iOS Data Storage Guidelines"
You could find it at the following address https://developer.apple.com/icloud/documentation/data-storage/ .

2014-08-12 19:39:48.831 HelloWorld[13325:70b] Resetting plugins due to page load.
2014-08-12 19:39:49.071 HelloWorld[13325:70b] Finished load of: file:///Users/Josh/Library/Application%20Support/iPhone%20Simulator/7.1/Applications/6F9D6F2C-89AE-421E-8169-8A929A2602AD/HelloWorld.app/www/index.html
2014-08-12 19:41:56.624 HelloWorld[13687:70b] Multi-tasking -> Device: YES, App: YES
2014-08-12 19:41:56.633 HelloWorld[13687:70b] Unlimited access to network resources
2014-08-12 19:41:56.637 HelloWorld[13687:70b] 

Started backup to iCloud! Please be careful.
Your application might rejected by Apple if you store too much data.
For more information please read "iOS Data Storage Guidelines"
You could find it at the following address https://developer.apple.com/icloud/documentation/data-storage/ .

2014-08-12 19:41:56.770 HelloWorld[13687:70b] Resetting plugins due to page load.
2014-08-12 19:41:57.076 HelloWorld[13687:70b] Finished load of: file:///Users/Josh/Library/Application%20Support/iPhone%20Simulator/7.1/Applications/6F9D6F2C-89AE-421E-8169-8A929A2602AD/HelloWorld.app/www/index.html
2014-08-12 19:43:55.526 HelloWorld[14051:70b] Multi-tasking -> Device: YES, App: YES
2014-08-12 19:43:55.535 HelloWorld[14051:70b] Unlimited access to network resources
2014-08-12 19:43:55.538 HelloWorld[14051:70b] 

Started backup to iCloud! Please be careful.
Your application might rejected by Apple if you store too much data.
For more information please read "iOS Data Storage Guidelines"
You could find it at the following address https://developer.apple.com/icloud/documentation/data-storage/ .

2014-08-12 19:43:55.671 HelloWorld[14051:70b] Resetting plugins due to page load.
2014-08-12 19:43:55.918 HelloWorld[14051:70b] Finished load of: file:///Users/Josh/Library/Application%20Support/iPhone%20Simulator/7.1/Applications/6F9D6F2C-89AE-421E-8169-8A929A2602AD/HelloWorld.app/www/index.html
2014-08-12 19:45:07.260 HelloWorld[14412:70b] Multi-tasking -> Device: YES, App: YES
2014-08-12 19:45:07.269 HelloWorld[14412:70b] Unlimited access to network resources
2014-08-12 19:45:07.272 HelloWorld[14412:70b] 

Started backup to iCloud! Please be careful.
Your application might rejected by Apple if you store too much data.
For more information please read "iOS Data Storage Guidelines"
You could find it at the following address https://developer.apple.com/icloud/documentation/data-storage/ .

2014-08-12 19:45:07.339 HelloWorld[14412:70b] Resetting plugins due to page load.
2014-08-12 19:45:07.607 HelloWorld[14412:70b] Finished load of: file:///Users/Josh/Library/Application%20Support/iPhone%20Simulator/7.1/Applications/6F9D6F2C-89AE-421E-8169-8A929A2602AD/HelloWorld.app/www/index.html
Terminating in response to SpringBoard's termination.
2014-08-12 20:28:48.539 HelloWorld[14784:70b] Multi-tasking -> Device: YES, App: YES
2014-08-12 20:28:48.549 HelloWorld[14784:70b] Unlimited access to network resources
2014-08-12 20:28:48.552 HelloWorld[14784:70b] 

Started backup to iCloud! Please be careful.
Your application might rejected by Apple if you store too much data.
For more information please read "iOS Data Storage Guidelines"
You could find it at the following address https://developer.apple.com/icloud/documentation/data-storage/ .

2014-08-12 20:28:48.689 HelloWorld[14784:70b] Resetting plugins due to page load.
2014-08-12 20:28:48.930 HelloWorld[14784:70b] Finished load of: file:///Users/Josh/Library/Application%20Support/iPhone%20Simulator/7.1/Applications/6F9D6F2C-89AE-421E-8169-8A929A2602AD/HelloWorld.app/www/index.html
2014-08-13 10:35:30.502 HelloWorld[1425:70b] Multi-tasking -> Device: YES, App: YES
2014-08-13 10:35:30.512 HelloWorld[1425:70b] Unlimited access to network resources
2014-08-13 10:35:30.514 HelloWorld[1425:70b] 

Started backup to iCloud! Please be careful.
Your application might rejected by Apple if you store too much data.
For more information please read "iOS Data Storage Guidelines"
You could find it at the following address https://developer.apple.com/icloud/documentation/data-storage/ .

2014-08-13 10:35:30.583 HelloWorld[1425:70b] Resetting plugins due to page load.
2014-08-13 10:35:30.885 HelloWorld[1425:70b] Finished load of: file:///Users/Josh/Library/Application%20Support/iPhone%20Simulator/7.1/Applications/6F9D6F2C-89AE-421E-8169-8A929A2602AD/HelloWorld.app/www/index.html
Terminating in response to SpringBoard's termination.
2014-08-13 11:42:00.739 HelloWorld[1900:70b] Multi-tasking -> Device: YES, App: YES
2014-08-13 11:42:00.748 HelloWorld[1900:70b] Unlimited access to network resources
2014-08-13 11:42:00.751 HelloWorld[1900:70b] 

Started backup to iCloud! Please be careful.
Your application might rejected by Apple if you store too much data.
For more information please read "iOS Data Storage Guidelines"
You could find it at the following address https://developer.apple.com/icloud/documentation/data-storage/ .

2014-08-13 11:42:00.871 HelloWorld[1900:70b] Resetting plugins due to page load.
2014-08-13 11:42:01.067 HelloWorld[1900:70b] Finished load of: file:///Users/Josh/Library/Application%20Support/iPhone%20Simulator/7.1/Applications/6F9D6F2C-89AE-421E-8169-8A929A2602AD/HelloWorld.app/www/index.html
2014-08-13 11:50:44.403 HelloWorld[2274:70b] Multi-tasking -> Device: YES, App: YES
2014-08-13 11:50:44.417 HelloWorld[2274:70b] Unlimited access to network resources
2014-08-13 11:50:44.420 HelloWorld[2274:70b] 

Started backup to iCloud! Please be careful.
Your application might rejected by Apple if you store too much data.
For more information please read "iOS Data Storage Guidelines"
You could find it at the following address https://developer.apple.com/icloud/documentation/data-storage/ .

2014-08-13 11:50:44.562 HelloWorld[2274:70b] Resetting plugins due to page load.
2014-08-13 11:50:44.826 HelloWorld[2274:70b] Finished load of: file:///Users/Josh/Library/Application%20Support/iPhone%20Simulator/7.1/Applications/6F9D6F2C-89AE-421E-8169-8A929A2602AD/HelloWorld.app/www/index.html
2014-08-13 14:00:25.720 HelloWorld[5178:70b] Multi-tasking -> Device: YES, App: YES
2014-08-13 14:00:25.730 HelloWorld[5178:70b] Unlimited access to network resources
2014-08-13 14:00:25.732 HelloWorld[5178:70b] 

Started backup to iCloud! Please be careful.
Your application might rejected by Apple if you store too much data.
For more information please read "iOS Data Storage Guidelines"
You could find it at the following address https://developer.apple.com/icloud/documentation/data-storage/ .

2014-08-13 14:00:25.865 HelloWorld[5178:70b] Resetting plugins due to page load.
2014-08-13 14:00:25.939 HelloWorld[5178:70b] Finished load of: file:///Users/Josh/Library/Application%20Support/iPhone%20Simulator/7.1/Applications/6F9D6F2C-89AE-421E-8169-8A929A2602AD/HelloWorld.app/www/index.html
Terminating in response to SpringBoard's termination.
2014-08-13 14:00:52.354 HelloWorld[5538:70b] Multi-tasking -> Device: YES, App: YES
2014-08-13 14:00:52.363 HelloWorld[5538:70b] Unlimited access to network resources
2014-08-13 14:00:52.367 HelloWorld[5538:70b] 

Started backup to iCloud! Please be careful.
Your application might rejected by Apple if you store too much data.
For more information please read "iOS Data Storage Guidelines"
You could find it at the following address https://developer.apple.com/icloud/documentation/data-storage/ .

2014-08-13 14:00:52.494 HelloWorld[5538:70b] Resetting plugins due to page load.
2014-08-13 14:00:52.529 HelloWorld[5538:70b] Finished load of: file:///Users/Josh/Library/Application%20Support/iPhone%20Simulator/7.1/Applications/6F9D6F2C-89AE-421E-8169-8A929A2602AD/HelloWorld.app/www/index.html
Terminating in response to SpringBoard's termination.
2014-08-13 14:02:50.275 HelloWorld[5904:70b] Multi-tasking -> Device: YES, App: YES
2014-08-13 14:02:50.285 HelloWorld[5904:70b] Unlimited access to network resources
2014-08-13 14:02:50.288 HelloWorld[5904:70b] 

Started backup to iCloud! Please be careful.
Your application might rejected by Apple if you store too much data.
For more information please read "iOS Data Storage Guidelines"
You could find it at the following address https://developer.apple.com/icloud/documentation/data-storage/ .

2014-08-13 14:02:50.422 HelloWorld[5904:70b] Resetting plugins due to page load.
2014-08-13 14:02:50.457 HelloWorld[5904:70b] Finished load of: file:///Users/Josh/Library/Application%20Support/iPhone%20Simulator/7.1/Applications/6F9D6F2C-89AE-421E-8169-8A929A2602AD/HelloWorld.app/www/index.html
Terminating in response to SpringBoard's termination.
2014-08-13 14:04:09.912 HelloWorld[6268:70b] Multi-tasking -> Device: YES, App: YES
2014-08-13 14:04:09.921 HelloWorld[6268:70b] Unlimited access to network resources
2014-08-13 14:04:09.924 HelloWorld[6268:70b] 

Started backup to iCloud! Please be careful.
Your application might rejected by Apple if you store too much data.
For more information please read "iOS Data Storage Guidelines"
You could find it at the following address https://developer.apple.com/icloud/documentation/data-storage/ .

2014-08-13 14:04:10.049 HelloWorld[6268:70b] Resetting plugins due to page load.
2014-08-13 14:04:10.086 HelloWorld[6268:70b] Finished load of: file:///Users/Josh/Library/Application%20Support/iPhone%20Simulator/7.1/Applications/6F9D6F2C-89AE-421E-8169-8A929A2602AD/HelloWorld.app/www/index.html
Terminating in response to SpringBoard's termination.
2014-08-13 14:05:52.019 HelloWorld[6629:70b] Multi-tasking -> Device: YES, App: YES
2014-08-13 14:05:52.028 HelloWorld[6629:70b] Unlimited access to network resources
2014-08-13 14:05:52.031 HelloWorld[6629:70b] 

Started backup to iCloud! Please be careful.
Your application might rejected by Apple if you store too much data.
For more information please read "iOS Data Storage Guidelines"
You could find it at the following address https://developer.apple.com/icloud/documentation/data-storage/ .

2014-08-13 14:05:52.152 HelloWorld[6629:70b] Resetting plugins due to page load.
2014-08-13 14:05:52.420 HelloWorld[6629:70b] Finished load of: file:///Users/Josh/Library/Application%20Support/iPhone%20Simulator/7.1/Applications/6F9D6F2C-89AE-421E-8169-8A929A2602AD/HelloWorld.app/www/index.html
2014-08-13 14:06:25.599 HelloWorld[6987:70b] Multi-tasking -> Device: YES, App: YES
2014-08-13 14:06:25.609 HelloWorld[6987:70b] Unlimited access to network resources
2014-08-13 14:06:25.611 HelloWorld[6987:70b] 

Started backup to iCloud! Please be careful.
Your application might rejected by Apple if you store too much data.
For more information please read "iOS Data Storage Guidelines"
You could find it at the following address https://developer.apple.com/icloud/documentation/data-storage/ .

2014-08-13 14:06:25.734 HelloWorld[6987:70b] Resetting plugins due to page load.
2014-08-13 14:06:25.982 HelloWorld[6987:70b] Finished load of: file:///Users/Josh/Library/Application%20Support/iPhone%20Simulator/7.1/Applications/6F9D6F2C-89AE-421E-8169-8A929A2602AD/HelloWorld.app/www/index.html
2014-08-13 18:40:25.439 HelloWorld[19631:70b] Multi-tasking -> Device: YES, App: YES
2014-08-13 18:40:25.449 HelloWorld[19631:70b] Unlimited access to network resources
2014-08-13 18:40:25.452 HelloWorld[19631:70b] 

Started backup to iCloud! Please be careful.
Your application might rejected by Apple if you store too much data.
For more information please read "iOS Data Storage Guidelines"
You could find it at the following address https://developer.apple.com/icloud/documentation/data-storage/ .

2014-08-13 18:40:25.576 HelloWorld[19631:70b] Resetting plugins due to page load.
2014-08-13 18:40:25.827 HelloWorld[19631:70b] Finished load of: file:///Users/Josh/Library/Application%20Support/iPhone%20Simulator/7.1/Applications/6F9D6F2C-89AE-421E-8169-8A929A2602AD/HelloWorld.app/www/index.html
2014-08-13 18:42:13.159 HelloWorld[19998:70b] Multi-tasking -> Device: YES, App: YES
2014-08-13 18:42:13.168 HelloWorld[19998:70b] Unlimited access to network resources
2014-08-13 18:42:13.175 HelloWorld[19998:70b] 

Started backup to iCloud! Please be careful.
Your application might rejected by Apple if you store too much data.
For more information please read "iOS Data Storage Guidelines"
You could find it at the following address https://developer.apple.com/icloud/documentation/data-storage/ .

2014-08-13 18:42:13.303 HelloWorld[19998:70b] Resetting plugins due to page load.
2014-08-13 18:42:13.516 HelloWorld[19998:70b] Finished load of: file:///Users/Josh/Library/Application%20Support/iPhone%20Simulator/7.1/Applications/6F9D6F2C-89AE-421E-8169-8A929A2602AD/HelloWorld.app/www/index.html
Terminating in response to SpringBoard's termination.
2014-08-13 18:47:22.010 HelloWorld[20368:70b] Multi-tasking -> Device: YES, App: YES
2014-08-13 18:47:22.019 HelloWorld[20368:70b] Unlimited access to network resources
2014-08-13 18:47:22.022 HelloWorld[20368:70b] 

Started backup to iCloud! Please be careful.
Your application might rejected by Apple if you store too much data.
For more information please read "iOS Data Storage Guidelines"
You could find it at the following address https://developer.apple.com/icloud/documentation/data-storage/ .

2014-08-13 18:47:22.162 HelloWorld[20368:70b] Resetting plugins due to page load.
2014-08-13 18:47:22.399 HelloWorld[20368:70b] Finished load of: file:///Users/Josh/Library/Application%20Support/iPhone%20Simulator/7.1/Applications/6F9D6F2C-89AE-421E-8169-8A929A2602AD/HelloWorld.app/www/index.html
Terminating in response to SpringBoard's termination.
2014-08-14 10:44:47.710 HelloWorld[32165:70b] Multi-tasking -> Device: YES, App: YES
2014-08-14 10:44:47.720 HelloWorld[32165:70b] Unlimited access to network resources
2014-08-14 10:44:47.723 HelloWorld[32165:70b] 

Started backup to iCloud! Please be careful.
Your application might rejected by Apple if you store too much data.
For more information please read "iOS Data Storage Guidelines"
You could find it at the following address https://developer.apple.com/icloud/documentation/data-storage/ .

2014-08-14 10:44:47.853 HelloWorld[32165:70b] Resetting plugins due to page load.
2014-08-14 10:44:48.148 HelloWorld[32165:70b] Finished load of: file:///Users/Josh/Library/Application%20Support/iPhone%20Simulator/7.1/Applications/6F9D6F2C-89AE-421E-8169-8A929A2602AD/HelloWorld.app/www/index.html
2014-08-14 10:48:10.725 HelloWorld[33018:70b] Multi-tasking -> Device: YES, App: YES
2014-08-14 10:48:10.734 HelloWorld[33018:70b] Unlimited access to network resources
2014-08-14 10:48:10.737 HelloWorld[33018:70b] 

Started backup to iCloud! Please be careful.
Your application might rejected by Apple if you store too much data.
For more information please read "iOS Data Storage Guidelines"
You could find it at the following address https://developer.apple.com/icloud/documentation/data-storage/ .

2014-08-14 10:48:10.861 HelloWorld[33018:70b] Resetting plugins due to page load.
2014-08-14 10:48:11.105 HelloWorld[33018:70b] Finished load of: file:///Users/Josh/Library/Application%20Support/iPhone%20Simulator/7.1/Applications/6F9D6F2C-89AE-421E-8169-8A929A2602AD/HelloWorld.app/www/index.html
Terminating in response to SpringBoard's termination.
2014-08-14 11:01:04.438 HelloWorld[33412:70b] Multi-tasking -> Device: YES, App: YES
2014-08-14 11:01:04.447 HelloWorld[33412:70b] Unlimited access to network resources
2014-08-14 11:01:04.450 HelloWorld[33412:70b] 

Started backup to iCloud! Please be careful.
Your application might rejected by Apple if you store too much data.
For more information please read "iOS Data Storage Guidelines"
You could find it at the following address https://developer.apple.com/icloud/documentation/data-storage/ .

2014-08-14 11:01:04.589 HelloWorld[33412:70b] Resetting plugins due to page load.
2014-08-14 11:01:04.871 HelloWorld[33412:70b] Finished load of: file:///Users/Josh/Library/Application%20Support/iPhone%20Simulator/7.1/Applications/6F9D6F2C-89AE-421E-8169-8A929A2602AD/HelloWorld.app/www/index.html
2014-08-14 11:03:33.683 HelloWorld[33750:70b] Multi-tasking -> Device: YES, App: YES
2014-08-14 11:03:33.688 HelloWorld[33750:70b] Unlimited access to network resources
2014-08-14 11:03:33.691 HelloWorld[33750:70b] 

Started backup to iCloud! Please be careful.
Your application might rejected by Apple if you store too much data.
For more information please read "iOS Data Storage Guidelines"
You could find it at the following address https://developer.apple.com/icloud/documentation/data-storage/ .

2014-08-14 11:03:33.734 HelloWorld[33750:70b] Resetting plugins due to page load.
2014-08-14 11:03:33.848 HelloWorld[33750:70b] Finished load of: file:///Users/Josh/Library/Application%20Support/iPhone%20Simulator/7.1/Applications/6F9D6F2C-89AE-421E-8169-8A929A2602AD/HelloWorld.app/www/index.html
2014-08-14 11:05:38.143 HelloWorld[34110:70b] Multi-tasking -> Device: YES, App: YES
2014-08-14 11:05:38.152 HelloWorld[34110:70b] Unlimited access to network resources
2014-08-14 11:05:38.157 HelloWorld[34110:70b] 

Started backup to iCloud! Please be careful.
Your application might rejected by Apple if you store too much data.
For more information please read "iOS Data Storage Guidelines"
You could find it at the following address https://developer.apple.com/icloud/documentation/data-storage/ .

2014-08-14 11:05:38.285 HelloWorld[34110:70b] Resetting plugins due to page load.
2014-08-14 11:05:38.603 HelloWorld[34110:70b] Finished load of: file:///Users/Josh/Library/Application%20Support/iPhone%20Simulator/7.1/Applications/6F9D6F2C-89AE-421E-8169-8A929A2602AD/HelloWorld.app/www/index.html
Terminating in response to SpringBoard's termination.
2014-08-14 11:13:47.921 HelloWorld[34944:70b] Multi-tasking -> Device: YES, App: YES
2014-08-14 11:13:47.930 HelloWorld[34944:70b] Unlimited access to network resources
2014-08-14 11:13:47.933 HelloWorld[34944:70b] 

Started backup to iCloud! Please be careful.
Your application might rejected by Apple if you store too much data.
For more information please read "iOS Data Storage Guidelines"
You could find it at the following address https://developer.apple.com/icloud/documentation/data-storage/ .

2014-08-14 11:13:48.084 HelloWorld[34944:70b] Resetting plugins due to page load.
2014-08-14 11:13:48.313 HelloWorld[34944:70b] Finished load of: file:///Users/Josh/Library/Application%20Support/iPhone%20Simulator/7.1/Applications/6F9D6F2C-89AE-421E-8169-8A929A2602AD/HelloWorld.app/www/index.html
Terminating in response to SpringBoard's termination.
2014-08-14 11:33:31.425 HelloWorld[35400:70b] Multi-tasking -> Device: YES, App: YES
2014-08-14 11:33:31.435 HelloWorld[35400:70b] Unlimited access to network resources
2014-08-14 11:33:31.439 HelloWorld[35400:70b] 

Started backup to iCloud! Please be careful.
Your application might rejected by Apple if you store too much data.
For more information please read "iOS Data Storage Guidelines"
You could find it at the following address https://developer.apple.com/icloud/documentation/data-storage/ .

2014-08-14 11:33:31.570 HelloWorld[35400:70b] Resetting plugins due to page load.
2014-08-14 11:33:31.781 HelloWorld[35400:70b] Finished load of: file:///Users/Josh/Library/Application%20Support/iPhone%20Simulator/7.1/Applications/6F9D6F2C-89AE-421E-8169-8A929A2602AD/HelloWorld.app/www/index.html
Terminating in response to SpringBoard's termination.
2014-08-14 12:22:16.247 HelloWorld[35843:70b] Multi-tasking -> Device: YES, App: YES
2014-08-14 12:22:16.256 HelloWorld[35843:70b] Unlimited access to network resources
2014-08-14 12:22:16.259 HelloWorld[35843:70b] 

Started backup to iCloud! Please be careful.
Your application might rejected by Apple if you store too much data.
For more information please read "iOS Data Storage Guidelines"
You could find it at the following address https://developer.apple.com/icloud/documentation/data-storage/ .

2014-08-14 12:22:16.389 HelloWorld[35843:70b] Resetting plugins due to page load.
2014-08-14 12:22:16.620 HelloWorld[35843:70b] Finished load of: file:///Users/Josh/Library/Application%20Support/iPhone%20Simulator/7.1/Applications/6F9D6F2C-89AE-421E-8169-8A929A2602AD/HelloWorld.app/www/index.html
2014-08-14 12:30:11.177 HelloWorld[36227:70b] Multi-tasking -> Device: YES, App: YES
2014-08-14 12:30:11.186 HelloWorld[36227:70b] Unlimited access to network resources
2014-08-14 12:30:11.189 HelloWorld[36227:70b] 

Started backup to iCloud! Please be careful.
Your application might rejected by Apple if you store too much data.
For more information please read "iOS Data Storage Guidelines"
You could find it at the following address https://developer.apple.com/icloud/documentation/data-storage/ .

2014-08-14 12:30:11.322 HelloWorld[36227:70b] Resetting plugins due to page load.
2014-08-14 12:30:11.519 HelloWorld[36227:70b] Finished load of: file:///Users/Josh/Library/Application%20Support/iPhone%20Simulator/7.1/Applications/6F9D6F2C-89AE-421E-8169-8A929A2602AD/HelloWorld.app/www/index.html
Terminating in response to SpringBoard's termination.
2014-08-14 12:38:28.900 HelloWorld[36607:70b] Multi-tasking -> Device: YES, App: YES
2014-08-14 12:38:28.909 HelloWorld[36607:70b] Unlimited access to network resources
2014-08-14 12:38:28.912 HelloWorld[36607:70b] 

Started backup to iCloud! Please be careful.
Your application might rejected by Apple if you store too much data.
For more information please read "iOS Data Storage Guidelines"
You could find it at the following address https://developer.apple.com/icloud/documentation/data-storage/ .

2014-08-14 12:38:29.030 HelloWorld[36607:70b] Resetting plugins due to page load.
2014-08-14 12:38:29.285 HelloWorld[36607:70b] Finished load of: file:///Users/Josh/Library/Application%20Support/iPhone%20Simulator/7.1/Applications/6F9D6F2C-89AE-421E-8169-8A929A2602AD/HelloWorld.app/www/index.html
Terminating in response to SpringBoard's termination.
2014-08-14 12:39:07.952 HelloWorld[36971:70b] Multi-tasking -> Device: YES, App: YES
2014-08-14 12:39:07.961 HelloWorld[36971:70b] Unlimited access to network resources
2014-08-14 12:39:07.963 HelloWorld[36971:70b] 

Started backup to iCloud! Please be careful.
Your application might rejected by Apple if you store too much data.
For more information please read "iOS Data Storage Guidelines"
You could find it at the following address https://developer.apple.com/icloud/documentation/data-storage/ .

2014-08-14 12:39:08.028 HelloWorld[36971:70b] Resetting plugins due to page load.
2014-08-14 12:39:08.217 HelloWorld[36971:70b] Finished load of: file:///Users/Josh/Library/Application%20Support/iPhone%20Simulator/7.1/Applications/6F9D6F2C-89AE-421E-8169-8A929A2602AD/HelloWorld.app/www/index.html
Terminating in response to SpringBoard's termination.
2014-08-14 12:39:59.447 HelloWorld[37334:70b] Multi-tasking -> Device: YES, App: YES
2014-08-14 12:39:59.457 HelloWorld[37334:70b] Unlimited access to network resources
2014-08-14 12:39:59.463 HelloWorld[37334:70b] 

Started backup to iCloud! Please be careful.
Your application might rejected by Apple if you store too much data.
For more information please read "iOS Data Storage Guidelines"
You could find it at the following address https://developer.apple.com/icloud/documentation/data-storage/ .

2014-08-14 12:39:59.532 HelloWorld[37334:70b] Resetting plugins due to page load.
2014-08-14 12:39:59.788 HelloWorld[37334:70b] Finished load of: file:///Users/Josh/Library/Application%20Support/iPhone%20Simulator/7.1/Applications/6F9D6F2C-89AE-421E-8169-8A929A2602AD/HelloWorld.app/www/index.html
Terminating in response to SpringBoard's termination.
2014-08-14 12:46:59.563 HelloWorld[37718:70b] Multi-tasking -> Device: YES, App: YES
2014-08-14 12:46:59.571 HelloWorld[37718:70b] Unlimited access to network resources
2014-08-14 12:46:59.575 HelloWorld[37718:70b] 

Started backup to iCloud! Please be careful.
Your application might rejected by Apple if you store too much data.
For more information please read "iOS Data Storage Guidelines"
You could find it at the following address https://developer.apple.com/icloud/documentation/data-storage/ .

2014-08-14 12:46:59.714 HelloWorld[37718:70b] Resetting plugins due to page load.
2014-08-14 12:46:59.907 HelloWorld[37718:70b] Finished load of: file:///Users/Josh/Library/Application%20Support/iPhone%20Simulator/7.1/Applications/6F9D6F2C-89AE-421E-8169-8A929A2602AD/HelloWorld.app/www/index.html
Terminating in response to SpringBoard's termination.
2014-08-14 12:57:03.238 HelloWorld[38510:70b] Multi-tasking -> Device: YES, App: YES
2014-08-14 12:57:03.248 HelloWorld[38510:70b] Unlimited access to network resources
2014-08-14 12:57:03.251 HelloWorld[38510:70b] 

Started backup to iCloud! Please be careful.
Your application might rejected by Apple if you store too much data.
For more information please read "iOS Data Storage Guidelines"
You could find it at the following address https://developer.apple.com/icloud/documentation/data-storage/ .

2014-08-14 12:57:03.380 HelloWorld[38510:70b] Resetting plugins due to page load.
2014-08-14 12:57:03.632 HelloWorld[38510:70b] Finished load of: file:///Users/Josh/Library/Application%20Support/iPhone%20Simulator/7.1/Applications/6F9D6F2C-89AE-421E-8169-8A929A2602AD/HelloWorld.app/www/index.html
Terminating in response to SpringBoard's termination.
2014-08-14 13:16:19.226 HelloWorld[38901:70b] Multi-tasking -> Device: YES, App: YES
2014-08-14 13:16:19.235 HelloWorld[38901:70b] Unlimited access to network resources
2014-08-14 13:16:19.239 HelloWorld[38901:70b] 

Started backup to iCloud! Please be careful.
Your application might rejected by Apple if you store too much data.
For more information please read "iOS Data Storage Guidelines"
You could find it at the following address https://developer.apple.com/icloud/documentation/data-storage/ .

2014-08-14 13:16:19.370 HelloWorld[38901:70b] Resetting plugins due to page load.
2014-08-14 13:16:19.658 HelloWorld[38901:70b] Finished load of: file:///Users/Josh/Library/Application%20Support/iPhone%20Simulator/7.1/Applications/6F9D6F2C-89AE-421E-8169-8A929A2602AD/HelloWorld.app/www/index.html
Terminating in response to SpringBoard's termination.
2014-08-14 13:22:14.297 HelloWorld[39272:70b] Multi-tasking -> Device: YES, App: YES
2014-08-14 13:22:14.306 HelloWorld[39272:70b] Unlimited access to network resources
2014-08-14 13:22:14.309 HelloWorld[39272:70b] 

Started backup to iCloud! Please be careful.
Your application might rejected by Apple if you store too much data.
For more information please read "iOS Data Storage Guidelines"
You could find it at the following address https://developer.apple.com/icloud/documentation/data-storage/ .

2014-08-14 13:22:14.452 HelloWorld[39272:70b] Resetting plugins due to page load.
2014-08-14 13:22:14.682 HelloWorld[39272:70b] Finished load of: file:///Users/Josh/Library/Application%20Support/iPhone%20Simulator/7.1/Applications/6F9D6F2C-89AE-421E-8169-8A929A2602AD/HelloWorld.app/www/index.html
2014-08-14 13:28:59.476 HelloWorld[39272:70b] CDVWebViewDelegate: Navigation started when state=1
2014-08-14 13:28:59.477 HelloWorld[39272:70b] Failed to load webpage with error: CDVWebViewDelegate: Navigation started when state=1
2014-08-14 14:01:43.279 HelloWorld[39737:70b] Multi-tasking -> Device: YES, App: YES
2014-08-14 14:01:43.290 HelloWorld[39737:70b] Unlimited access to network resources
2014-08-14 14:01:43.293 HelloWorld[39737:70b] 

Started backup to iCloud! Please be careful.
Your application might rejected by Apple if you store too much data.
For more information please read "iOS Data Storage Guidelines"
You could find it at the following address https://developer.apple.com/icloud/documentation/data-storage/ .

2014-08-14 14:01:43.414 HelloWorld[39737:70b] Resetting plugins due to page load.
2014-08-14 14:01:43.626 HelloWorld[39737:70b] Finished load of: file:///Users/Josh/Library/Application%20Support/iPhone%20Simulator/7.1/Applications/6F9D6F2C-89AE-421E-8169-8A929A2602AD/HelloWorld.app/www/index.html
2014-08-14 14:04:46.188 HelloWorld[40109:70b] Multi-tasking -> Device: YES, App: YES
2014-08-14 14:04:46.197 HelloWorld[40109:70b] Unlimited access to network resources
2014-08-14 14:04:46.200 HelloWorld[40109:70b] 

Started backup to iCloud! Please be careful.
Your application might rejected by Apple if you store too much data.
For more information please read "iOS Data Storage Guidelines"
You could find it at the following address https://developer.apple.com/icloud/documentation/data-storage/ .

2014-08-14 14:04:46.328 HelloWorld[40109:70b] Resetting plugins due to page load.
2014-08-14 14:04:46.569 HelloWorld[40109:70b] Finished load of: file:///Users/Josh/Library/Application%20Support/iPhone%20Simulator/7.1/Applications/6F9D6F2C-89AE-421E-8169-8A929A2602AD/HelloWorld.app/www/index.html
2014-08-14 14:20:06.941 HelloWorld[40532:70b] Multi-tasking -> Device: YES, App: YES
2014-08-14 14:20:06.951 HelloWorld[40532:70b] Unlimited access to network resources
2014-08-14 14:20:06.954 HelloWorld[40532:70b] 

Started backup to iCloud! Please be careful.
Your application might rejected by Apple if you store too much data.
For more information please read "iOS Data Storage Guidelines"
You could find it at the following address https://developer.apple.com/icloud/documentation/data-storage/ .

2014-08-14 14:20:07.100 HelloWorld[40532:70b] Resetting plugins due to page load.
2014-08-14 14:20:07.366 HelloWorld[40532:70b] Finished load of: file:///Users/Josh/Library/Application%20Support/iPhone%20Simulator/7.1/Applications/6F9D6F2C-89AE-421E-8169-8A929A2602AD/HelloWorld.app/www/index.html
