2014-08-13 15:04:06.210 HelloWorld[5656:70b] Multi-tasking -> Device: YES, App: YES
2014-08-13 15:04:06.492 HelloWorld[5656:70b] Unlimited access to network resources
2014-08-13 15:04:06.508 HelloWorld[5656:70b] 

Started backup to iCloud! Please be careful.
Your application might rejected by Apple if you store too much data.
For more information please read "iOS Data Storage Guidelines"
You could find it at the following address https://developer.apple.com/icloud/documentation/data-storage/ .

2014-08-13 15:04:08.817 HelloWorld[5656:70b] Resetting plugins due to page load.
2014-08-13 15:04:09.616 HelloWorld[5656:70b] Finished load of: file:///Users/maxperks/Library/Application%20Support/iPhone%20Simulator/7.1/Applications/8ED18CBF-BC97-47FD-A446-7FECD11332D5/HelloWorld.app/www/index.html
2014-08-13 15:05:34.100 HelloWorld[5941:70b] Multi-tasking -> Device: YES, App: YES
2014-08-13 15:05:34.135 HelloWorld[5941:70b] Unlimited access to network resources
2014-08-13 15:05:34.145 HelloWorld[5941:70b] 

Started backup to iCloud! Please be careful.
Your application might rejected by Apple if you store too much data.
For more information please read "iOS Data Storage Guidelines"
You could find it at the following address https://developer.apple.com/icloud/documentation/data-storage/ .

2014-08-13 15:05:34.426 HelloWorld[5941:70b] Resetting plugins due to page load.
2014-08-13 15:05:34.477 HelloWorld[5941:70b] Finished load of: file:///Users/maxperks/Library/Application%20Support/iPhone%20Simulator/7.1/Applications/8ED18CBF-BC97-47FD-A446-7FECD11332D5/HelloWorld.app/www/index.html
2014-08-13 15:05:55.282 HelloWorld[6232:70b] Multi-tasking -> Device: YES, App: YES
2014-08-13 15:05:55.293 HelloWorld[6232:70b] Unlimited access to network resources
2014-08-13 15:05:55.298 HelloWorld[6232:70b] 

Started backup to iCloud! Please be careful.
Your application might rejected by Apple if you store too much data.
For more information please read "iOS Data Storage Guidelines"
You could find it at the following address https://developer.apple.com/icloud/documentation/data-storage/ .

2014-08-13 15:05:55.466 HelloWorld[6232:70b] Resetting plugins due to page load.
2014-08-13 15:05:55.538 HelloWorld[6232:70b] Finished load of: file:///Users/maxperks/Library/Application%20Support/iPhone%20Simulator/7.1/Applications/8ED18CBF-BC97-47FD-A446-7FECD11332D5/HelloWorld.app/www/index.html
2014-08-13 15:05:57.265 HelloWorld[6232:70b] Received memory warning.
2014-08-13 15:08:13.636 HelloWorld[6573:70b] Multi-tasking -> Device: YES, App: YES
2014-08-13 15:08:13.648 HelloWorld[6573:70b] Unlimited access to network resources
2014-08-13 15:08:13.654 HelloWorld[6573:70b] 

Started backup to iCloud! Please be careful.
Your application might rejected by Apple if you store too much data.
For more information please read "iOS Data Storage Guidelines"
You could find it at the following address https://developer.apple.com/icloud/documentation/data-storage/ .

2014-08-13 15:08:13.811 HelloWorld[6573:70b] Resetting plugins due to page load.
2014-08-13 15:08:13.891 HelloWorld[6573:70b] Finished load of: file:///Users/maxperks/Library/Application%20Support/iPhone%20Simulator/7.1/Applications/8ED18CBF-BC97-47FD-A446-7FECD11332D5/HelloWorld.app/www/index.html
2014-08-13 15:08:29.942 HelloWorld[6573:70b] Received memory warning.
2014-08-20 11:07:31.023 HelloWorld[2111:70b] Multi-tasking -> Device: YES, App: YES
2014-08-20 11:07:31.414 HelloWorld[2111:70b] Unlimited access to network resources
2014-08-20 11:07:31.839 HelloWorld[2111:70b] 

Started backup to iCloud! Please be careful.
Your application might rejected by Apple if you store too much data.
For more information please read "iOS Data Storage Guidelines"
You could find it at the following address https://developer.apple.com/icloud/documentation/data-storage/ .

2014-08-20 11:07:33.745 HelloWorld[2111:70b] Resetting plugins due to page load.
2014-08-20 11:07:34.099 HelloWorld[2111:70b] Finished load of: file:///Users/maxperks/Library/Application%20Support/iPhone%20Simulator/7.1/Applications/8ED18CBF-BC97-47FD-A446-7FECD11332D5/HelloWorld.app/www/index.html
2014-08-20 13:52:04.375 HelloWorld[2970:70b] Multi-tasking -> Device: YES, App: YES
2014-08-20 13:52:04.797 HelloWorld[2970:70b] Unlimited access to network resources
2014-08-20 13:52:04.878 HelloWorld[2970:70b] 

Started backup to iCloud! Please be careful.
Your application might rejected by Apple if you store too much data.
For more information please read "iOS Data Storage Guidelines"
You could find it at the following address https://developer.apple.com/icloud/documentation/data-storage/ .

2014-08-20 13:52:10.012 HelloWorld[2970:70b] Resetting plugins due to page load.
2014-08-20 13:52:15.720 HelloWorld[2970:70b] Finished load of: file:///Users/maxperks/Library/Application%20Support/iPhone%20Simulator/7.1/Applications/8ED18CBF-BC97-47FD-A446-7FECD11332D5/HelloWorld.app/www/index.html
2014-08-20 13:55:58.163 HelloWorld[3292:70b] Multi-tasking -> Device: YES, App: YES
2014-08-20 13:55:58.261 HelloWorld[3292:70b] Unlimited access to network resources
2014-08-20 13:55:58.331 HelloWorld[3292:70b] 

Started backup to iCloud! Please be careful.
Your application might rejected by Apple if you store too much data.
For more information please read "iOS Data Storage Guidelines"
You could find it at the following address https://developer.apple.com/icloud/documentation/data-storage/ .

2014-08-20 13:55:58.897 HelloWorld[3292:70b] Resetting plugins due to page load.
2014-08-20 13:56:02.684 HelloWorld[3292:70b] Finished load of: file:///Users/maxperks/Library/Application%20Support/iPhone%20Simulator/7.1/Applications/8ED18CBF-BC97-47FD-A446-7FECD11332D5/HelloWorld.app/www/index.html
2014-08-20 14:03:54.557 HelloWorld[3616:70b] Multi-tasking -> Device: YES, App: YES
2014-08-20 14:03:54.659 HelloWorld[3616:70b] Unlimited access to network resources
2014-08-20 14:03:54.722 HelloWorld[3616:70b] 

Started backup to iCloud! Please be careful.
Your application might rejected by Apple if you store too much data.
For more information please read "iOS Data Storage Guidelines"
You could find it at the following address https://developer.apple.com/icloud/documentation/data-storage/ .

2014-08-20 14:03:55.349 HelloWorld[3616:70b] Resetting plugins due to page load.
2014-08-20 14:04:00.325 HelloWorld[3616:70b] Finished load of: file:///Users/maxperks/Library/Application%20Support/iPhone%20Simulator/7.1/Applications/8ED18CBF-BC97-47FD-A446-7FECD11332D5/HelloWorld.app/www/index.html
2014-08-20 15:16:42.278 HelloWorld[4412:70b] Multi-tasking -> Device: YES, App: YES
2014-08-20 15:16:42.314 HelloWorld[4412:70b] Unlimited access to network resources
2014-08-20 15:16:42.356 HelloWorld[4412:70b] 

Started backup to iCloud! Please be careful.
Your application might rejected by Apple if you store too much data.
For more information please read "iOS Data Storage Guidelines"
You could find it at the following address https://developer.apple.com/icloud/documentation/data-storage/ .

2014-08-20 15:16:43.084 HelloWorld[4412:70b] Resetting plugins due to page load.
2014-08-20 15:16:46.314 HelloWorld[4412:70b] Finished load of: file:///Users/maxperks/Library/Application%20Support/iPhone%20Simulator/7.1/Applications/8ED18CBF-BC97-47FD-A446-7FECD11332D5/HelloWorld.app/www/index.html
2014-08-20 15:35:16.633 HelloWorld[4976:70b] Multi-tasking -> Device: YES, App: YES
2014-08-20 15:35:16.642 HelloWorld[4976:70b] Unlimited access to network resources
2014-08-20 15:35:16.691 HelloWorld[4976:70b] 

Started backup to iCloud! Please be careful.
Your application might rejected by Apple if you store too much data.
For more information please read "iOS Data Storage Guidelines"
You could find it at the following address https://developer.apple.com/icloud/documentation/data-storage/ .

2014-08-20 15:35:16.814 HelloWorld[4976:70b] Resetting plugins due to page load.
2014-08-20 15:35:19.890 HelloWorld[4976:70b] Finished load of: file:///Users/maxperks/Library/Application%20Support/iPhone%20Simulator/7.1/Applications/8ED18CBF-BC97-47FD-A446-7FECD11332D5/HelloWorld.app/www/index.html
2014-08-20 15:36:38.588 HelloWorld[5460:70b] Multi-tasking -> Device: YES, App: YES
2014-08-20 15:36:38.621 HelloWorld[5460:70b] Unlimited access to network resources
2014-08-20 15:36:38.630 HelloWorld[5460:70b] 

Started backup to iCloud! Please be careful.
Your application might rejected by Apple if you store too much data.
For more information please read "iOS Data Storage Guidelines"
You could find it at the following address https://developer.apple.com/icloud/documentation/data-storage/ .

2014-08-20 15:36:38.928 HelloWorld[5460:70b] Resetting plugins due to page load.
2014-08-20 15:36:41.906 HelloWorld[5460:70b] Finished load of: file:///Users/maxperks/Library/Application%20Support/iPhone%20Simulator/7.1/Applications/8ED18CBF-BC97-47FD-A446-7FECD11332D5/HelloWorld.app/www/index.html
2014-08-20 15:43:14.985 HelloWorld[6043:70b] Multi-tasking -> Device: YES, App: YES
2014-08-20 15:43:15.090 HelloWorld[6043:70b] Unlimited access to network resources
2014-08-20 15:43:15.110 HelloWorld[6043:70b] 

Started backup to iCloud! Please be careful.
Your application might rejected by Apple if you store too much data.
For more information please read "iOS Data Storage Guidelines"
You could find it at the following address https://developer.apple.com/icloud/documentation/data-storage/ .

2014-08-20 15:43:15.618 HelloWorld[6043:70b] Resetting plugins due to page load.
2014-08-20 15:43:18.697 HelloWorld[6043:70b] Finished load of: file:///Users/maxperks/Library/Application%20Support/iPhone%20Simulator/7.1/Applications/8ED18CBF-BC97-47FD-A446-7FECD11332D5/HelloWorld.app/www/index.html
2014-08-20 16:00:12.411 HelloWorld[6540:70b] Multi-tasking -> Device: YES, App: YES
2014-08-20 16:00:12.455 HelloWorld[6540:70b] Unlimited access to network resources
2014-08-20 16:00:12.465 HelloWorld[6540:70b] 

Started backup to iCloud! Please be careful.
Your application might rejected by Apple if you store too much data.
For more information please read "iOS Data Storage Guidelines"
You could find it at the following address https://developer.apple.com/icloud/documentation/data-storage/ .

2014-08-20 16:00:13.436 HelloWorld[6540:70b] Resetting plugins due to page load.
2014-08-20 16:00:16.626 HelloWorld[6540:70b] Finished load of: file:///Users/maxperks/Library/Application%20Support/iPhone%20Simulator/7.1/Applications/8ED18CBF-BC97-47FD-A446-7FECD11332D5/HelloWorld.app/www/index.html
2014-08-20 16:05:39.927 HelloWorld[7155:70b] Multi-tasking -> Device: YES, App: YES
2014-08-20 16:05:39.946 HelloWorld[7155:70b] Unlimited access to network resources
2014-08-20 16:05:39.950 HelloWorld[7155:70b] 

Started backup to iCloud! Please be careful.
Your application might rejected by Apple if you store too much data.
For more information please read "iOS Data Storage Guidelines"
You could find it at the following address https://developer.apple.com/icloud/documentation/data-storage/ .

2014-08-20 16:05:40.145 HelloWorld[7155:70b] Resetting plugins due to page load.
2014-08-20 16:05:43.176 HelloWorld[7155:70b] Finished load of: file:///Users/maxperks/Library/Application%20Support/iPhone%20Simulator/7.1/Applications/8ED18CBF-BC97-47FD-A446-7FECD11332D5/HelloWorld.app/www/index.html
2014-08-20 16:10:17.735 HelloWorld[7155:70b] Received memory warning.
2014-08-20 16:12:05.842 HelloWorld[7711:70b] Multi-tasking -> Device: YES, App: YES
2014-08-20 16:12:05.870 HelloWorld[7711:70b] Unlimited access to network resources
2014-08-20 16:12:05.890 HelloWorld[7711:70b] 

Started backup to iCloud! Please be careful.
Your application might rejected by Apple if you store too much data.
For more information please read "iOS Data Storage Guidelines"
You could find it at the following address https://developer.apple.com/icloud/documentation/data-storage/ .

2014-08-20 16:12:06.057 HelloWorld[7711:70b] Resetting plugins due to page load.
2014-08-20 16:12:08.791 HelloWorld[7711:70b] Finished load of: file:///Users/maxperks/Library/Application%20Support/iPhone%20Simulator/7.1/Applications/8ED18CBF-BC97-47FD-A446-7FECD11332D5/HelloWorld.app/www/index.html
